app.py:54:80: E501 line too long (80 > 79 characters)
app.py:56:80: E501 line too long (116 > 79 characters)
app.py:64:80: E501 line too long (84 > 79 characters)
app.py:74:80: E501 line too long (116 > 79 characters)
app.py:85:80: E501 line too long (121 > 79 characters)
app.py:97:80: E501 line too long (117 > 79 characters)
app.py:109:80: E501 line too long (131 > 79 characters)
app.py:125:80: E501 line too long (95 > 79 characters)
app.py:126:41: W291 trailing whitespace
app.py:127:1: W293 blank line contains whitespace
app.py:134:80: E501 line too long (114 > 79 characters)
app.py:139:18: W605 invalid escape sequence '\B'
app.py:140:80: E501 line too long (110 > 79 characters)
app.py:153:80: E501 line too long (92 > 79 characters)
app.py:154:80: E501 line too long (133 > 79 characters)
pages/1_Dashboard.py:6:1: F401 'requests' imported but unused
pages/1_Dashboard.py:9:1: F401 'utils.helpers' imported but unused
pages/1_Dashboard.py:18:80: E501 line too long (84 > 79 characters)
pages/1_Dashboard.py:31:80: E501 line too long (86 > 79 characters)
pages/1_Dashboard.py:48:80: E501 line too long (81 > 79 characters)
pages/1_Dashboard.py:94:80: E501 line too long (87 > 79 characters)
pages/1_Dashboard.py:107:80: E501 line too long (81 > 79 characters)
pages/1_Dashboard.py:108:80: E501 line too long (87 > 79 characters)
pages/1_Dashboard.py:133:80: E501 line too long (83 > 79 characters)
pages/1_Dashboard.py:141:80: E501 line too long (82 > 79 characters)
pages/1_Dashboard.py:149:80: E501 line too long (81 > 79 characters)
pages/1_Dashboard.py:170:80: E501 line too long (107 > 79 characters)
pages/2_Model_Performance.py:22:80: E501 line too long (83 > 79 characters)
pages/2_Model_Performance.py:37:80: E501 line too long (94 > 79 characters)
pages/2_Model_Performance.py:43:1: F841 local variable 'e' is assigned to but never used
pages/2_Model_Performance.py:65:80: E501 line too long (92 > 79 characters)
pages/2_Model_Performance.py:73:80: E501 line too long (88 > 79 characters)
pages/2_Model_Performance.py:74:80: E501 line too long (108 > 79 characters)
pages/2_Model_Performance.py:79:80: E501 line too long (156 > 79 characters)
pages/2_Model_Performance.py:123:80: E501 line too long (83 > 79 characters)
pages/2_Model_Performance.py:131:80: E501 line too long (80 > 79 characters)
pages/2_Model_Performance.py:136:80: E501 line too long (83 > 79 characters)
pages/2_Model_Performance.py:138:80: E501 line too long (89 > 79 characters)
pages/2_Model_Performance.py:140:80: E501 line too long (85 > 79 characters)
pages/2_Model_Performance.py:165:80: E501 line too long (82 > 79 characters)
pages/2_Model_Performance.py:167:80: E501 line too long (112 > 79 characters)
pages/2_Model_Performance.py:178:80: E501 line too long (80 > 79 characters)
pages/2_Model_Performance.py:188:80: E501 line too long (104 > 79 characters)
pages/3_Model_Management.py:38:80: E501 line too long (81 > 79 characters)
pages/3_Model_Management.py:49:80: E501 line too long (86 > 79 characters)
pages/3_Model_Management.py:81:80: E501 line too long (83 > 79 characters)
pages/3_Model_Management.py:97:51: W291 trailing whitespace
pages/3_Model_Management.py:98:46: W291 trailing whitespace
pages/4_Settings.py:4:1: F401 'requests' imported but unused
pages/4_Settings.py:10:80: E501 line too long (86 > 79 characters)
pages/4_Settings.py:14:80: E501 line too long (80 > 79 characters)
pages/4_Settings.py:20:80: E501 line too long (84 > 79 characters)
pages/4_Settings.py:28:80: E501 line too long (82 > 79 characters)
pages/4_Settings.py:32:80: E501 line too long (80 > 79 characters)
pages/4_Settings.py:56:80: E501 line too long (84 > 79 characters)
pages/4_Settings.py:59:80: E501 line too long (87 > 79 characters)
pages/4_Settings.py:68:32: W291 trailing whitespace
pages/4_Settings.py:69:25: W291 trailing whitespace
pages/4_Settings.py:70:69: W291 trailing whitespace
pages/4_Settings.py:71:37: W291 trailing whitespace
pages/4_Settings.py:72:27: W291 trailing whitespace
pages/4_Settings.py:73:30: W291 trailing whitespace
pages/4_Settings.py:75:40: W291 trailing whitespace
pages/4_Settings.py:80:80: E501 line too long (114 > 79 characters)
pages/5_About.py:25:80: E501 line too long (127 > 79 characters)
pages/5_About.py:26:80: E501 line too long (101 > 79 characters)
pages/5_About.py:27:80: E501 line too long (113 > 79 characters)
pages/5_About.py:29:80: E501 line too long (105 > 79 characters)
pages/5_About.py:29:106: W291 trailing whitespace
pages/5_About.py:30:80: E501 line too long (102 > 79 characters)
pages/5_About.py:52:80: E501 line too long (84 > 79 characters)
pages/5_About.py:53:80: E501 line too long (93 > 79 characters)
pages/5_About.py:54:80: E501 line too long (107 > 79 characters)
pages/5_About.py:55:80: E501 line too long (88 > 79 characters)
pages/5_About.py:56:80: E501 line too long (87 > 79 characters)
pages/5_About.py:66:33: W291 trailing whitespace
pages/5_About.py:67:80: E501 line too long (90 > 79 characters)
pages/5_About.py:67:91: W291 trailing whitespace
pages/5_About.py:68:31: W291 trailing whitespace
pages/5_About.py:69:62: W291 trailing whitespace
pages/5_About.py:70:28: W291 trailing whitespace
pages/5_About.py:71:78: W291 trailing whitespace
pages/5_About.py:72:22: W291 trailing whitespace
pages/5_About.py:77:80: E501 line too long (80 > 79 characters)
pages/5_About.py:91:46: W291 trailing whitespace
pages/5_About.py:92:61: W291 trailing whitespace
pages/5_About.py:95:49: W291 trailing whitespace
pages/5_About.py:98:36: W291 trailing whitespace
pages/5_About.py:99:80: E501 line too long (99 > 79 characters)
pages/5_About.py:101:52: W291 trailing whitespace
pages/5_About.py:102:80: E501 line too long (88 > 79 characters)
pages/5_About.py:122:35: W291 trailing whitespace
pages/5_About.py:123:49: W291 trailing whitespace
pages/5_About.py:124:39: W291 trailing whitespace
pages/5_About.py:125:80: E501 line too long (80 > 79 characters)
pages/5_About.py:125:81: W291 trailing whitespace
pages/5_About.py:126:80: E501 line too long (80 > 79 characters)
pages/5_About.py:126:81: W291 trailing whitespace
pages/5_About.py:127:23: W291 trailing whitespace
pages/5_About.py:128:58: W291 trailing whitespace
services/dashboard_service.py:15:80: E501 line too long (81 > 79 characters)
services/dashboard_service.py:29:80: E501 line too long (87 > 79 characters)
services/model_service.py:30:80: E501 line too long (81 > 79 characters)
services/model_service.py:64:80: E501 line too long (80 > 79 characters)
services/model_service.py:73:80: E501 line too long (83 > 79 characters)
utils/helpers.py:24:80: E501 line too long (81 > 79 characters)
utils/helpers.py:37:80: E501 line too long (81 > 79 characters)
