app.py:53:80: E501 line too long (80 > 79 characters)
app.py:55:80: E501 line too long (116 > 79 characters)
app.py:60:33: E231 missing whitespace after ','
app.py:60:35: E231 missing whitespace after ','
app.py:63:5: E122 continuation line missing indentation or outdented
app.py:63:80: E501 line too long (80 > 79 characters)
app.py:64:5: E122 continuation line missing indentation or outdented
app.py:72:80: E501 line too long (122 > 79 characters)
app.py:82:80: E501 line too long (121 > 79 characters)
app.py:94:80: E501 line too long (117 > 79 characters)
app.py:106:80: E501 line too long (131 > 79 characters)
app.py:118:27: E231 missing whitespace after ','
app.py:118:29: E231 missing whitespace after ','
app.py:123:80: E501 line too long (95 > 79 characters)
app.py:124:41: W291 trailing whitespace
app.py:125:1: W293 blank line contains whitespace
app.py:132:80: E501 line too long (114 > 79 characters)
app.py:138:5: E122 continuation line missing indentation or outdented
app.py:138:14: W605 invalid escape sequence '\B'
app.py:139:5: E122 continuation line missing indentation or outdented
app.py:139:80: E501 line too long (106 > 79 characters)
app.py:140:5: E122 continuation line missing indentation or outdented
app.py:141:1: E122 continuation line missing indentation or outdented
app.py:152:80: E501 line too long (92 > 79 characters)
app.py:153:80: E501 line too long (133 > 79 characters)
pages/1_Dashboard.py:4:1: F401 'requests' imported but unused
pages/1_Dashboard.py:6:1: F401 'utils.helpers' imported but unused
pages/1_Dashboard.py:16:80: E501 line too long (84 > 79 characters)
pages/1_Dashboard.py:29:80: E501 line too long (86 > 79 characters)
pages/1_Dashboard.py:32:80: E501 line too long (102 > 79 characters)
pages/1_Dashboard.py:35:80: E501 line too long (97 > 79 characters)
pages/1_Dashboard.py:42:80: E501 line too long (81 > 79 characters)
pages/1_Dashboard.py:69:80: E501 line too long (96 > 79 characters)
pages/1_Dashboard.py:84:80: E501 line too long (87 > 79 characters)
pages/1_Dashboard.py:84:88: W291 trailing whitespace
pages/1_Dashboard.py:93:13: E303 too many blank lines (2)
pages/1_Dashboard.py:98:80: E501 line too long (81 > 79 characters)
pages/1_Dashboard.py:99:80: E501 line too long (87 > 79 characters)
pages/1_Dashboard.py:109:80: E501 line too long (137 > 79 characters)
pages/1_Dashboard.py:111:1: W293 blank line contains whitespace
pages/1_Dashboard.py:117:80: E501 line too long (92 > 79 characters)
pages/1_Dashboard.py:124:80: E501 line too long (82 > 79 characters)
pages/1_Dashboard.py:128:13: E303 too many blank lines (2)
pages/1_Dashboard.py:132:80: E501 line too long (90 > 79 characters)
pages/1_Dashboard.py:151:80: E501 line too long (112 > 79 characters)
pages/2_Model_Performance.py:6:10: E261 at least two spaces before inline comment
pages/2_Model_Performance.py:15:80: E501 line too long (91 > 79 characters)
pages/2_Model_Performance.py:17:80: E501 line too long (92 > 79 characters)
pages/2_Model_Performance.py:28:1: W293 blank line contains whitespace
pages/2_Model_Performance.py:31:80: E501 line too long (94 > 79 characters)
pages/2_Model_Performance.py:37:1: F841 local variable 'e' is assigned to but never used
pages/2_Model_Performance.py:42:80: E501 line too long (89 > 79 characters)
pages/2_Model_Performance.py:56:80: E501 line too long (98 > 79 characters)
pages/2_Model_Performance.py:59:1: W293 blank line contains whitespace
pages/2_Model_Performance.py:60:40: E261 at least two spaces before inline comment
pages/2_Model_Performance.py:61:44: E261 at least two spaces before inline comment
pages/2_Model_Performance.py:62:1: W293 blank line contains whitespace
pages/2_Model_Performance.py:63:80: E501 line too long (88 > 79 characters)
pages/2_Model_Performance.py:64:80: E501 line too long (108 > 79 characters)
pages/2_Model_Performance.py:68:80: E501 line too long (162 > 79 characters)
pages/2_Model_Performance.py:85:80: E501 line too long (98 > 79 characters)
pages/2_Model_Performance.py:94:80: E501 line too long (89 > 79 characters)
pages/2_Model_Performance.py:105:80: E501 line too long (105 > 79 characters)
pages/2_Model_Performance.py:111:1: W293 blank line contains whitespace
pages/2_Model_Performance.py:112:80: E501 line too long (80 > 79 characters)
pages/2_Model_Performance.py:115:80: E501 line too long (97 > 79 characters)
pages/2_Model_Performance.py:116:80: E501 line too long (89 > 79 characters)
pages/2_Model_Performance.py:117:80: E501 line too long (93 > 79 characters)
pages/2_Model_Performance.py:122:1: W293 blank line contains whitespace
pages/2_Model_Performance.py:124:80: E501 line too long (129 > 79 characters)
pages/2_Model_Performance.py:134:80: E501 line too long (82 > 79 characters)
pages/2_Model_Performance.py:136:80: E501 line too long (112 > 79 characters)
pages/2_Model_Performance.py:147:80: E501 line too long (80 > 79 characters)
pages/2_Model_Performance.py:156:80: E501 line too long (109 > 79 characters)
pages/2_Model_Performance.py:156:110: W292 no newline at end of file
pages/3_Model_Management.py:36:80: E501 line too long (81 > 79 characters)
pages/3_Model_Management.py:47:80: E501 line too long (86 > 79 characters)
pages/3_Model_Management.py:48:80: E501 line too long (110 > 79 characters)
pages/3_Model_Management.py:75:80: E501 line too long (83 > 79 characters)
pages/3_Model_Management.py:91:51: W291 trailing whitespace
pages/3_Model_Management.py:92:46: W291 trailing whitespace
pages/3_Model_Management.py:116:80: E501 line too long (89 > 79 characters)
pages/4_Settings.py:3:1: F401 'requests' imported but unused
pages/4_Settings.py:9:80: E501 line too long (86 > 79 characters)
pages/4_Settings.py:12:80: E501 line too long (89 > 79 characters)
pages/4_Settings.py:17:29: E201 whitespace after '['
pages/4_Settings.py:17:80: E501 line too long (85 > 79 characters)
pages/4_Settings.py:25:80: E501 line too long (82 > 79 characters)
pages/4_Settings.py:27:80: E501 line too long (124 > 79 characters)
pages/4_Settings.py:31:80: E501 line too long (89 > 79 characters)
pages/4_Settings.py:47:80: E501 line too long (84 > 79 characters)
pages/4_Settings.py:49:80: E501 line too long (95 > 79 characters)
pages/4_Settings.py:57:32: W291 trailing whitespace
pages/4_Settings.py:58:25: W291 trailing whitespace
pages/4_Settings.py:59:69: W291 trailing whitespace
pages/4_Settings.py:60:37: W291 trailing whitespace
pages/4_Settings.py:61:27: W291 trailing whitespace
pages/4_Settings.py:62:30: W291 trailing whitespace
pages/4_Settings.py:64:40: W291 trailing whitespace
pages/4_Settings.py:68:80: E501 line too long (119 > 79 characters)
pages/5_About.py:7:80: E501 line too long (90 > 79 characters)
pages/5_About.py:13:80: E501 line too long (88 > 79 characters)
pages/5_About.py:20:80: E501 line too long (127 > 79 characters)
pages/5_About.py:21:80: E501 line too long (101 > 79 characters)
pages/5_About.py:22:80: E501 line too long (113 > 79 characters)
pages/5_About.py:24:80: E501 line too long (105 > 79 characters)
pages/5_About.py:24:106: W291 trailing whitespace
pages/5_About.py:25:80: E501 line too long (102 > 79 characters)
pages/5_About.py:47:80: E501 line too long (84 > 79 characters)
pages/5_About.py:48:80: E501 line too long (93 > 79 characters)
pages/5_About.py:49:80: E501 line too long (107 > 79 characters)
pages/5_About.py:50:80: E501 line too long (88 > 79 characters)
pages/5_About.py:51:80: E501 line too long (87 > 79 characters)
pages/5_About.py:61:33: W291 trailing whitespace
pages/5_About.py:62:80: E501 line too long (90 > 79 characters)
pages/5_About.py:62:91: W291 trailing whitespace
pages/5_About.py:63:31: W291 trailing whitespace
pages/5_About.py:64:62: W291 trailing whitespace
pages/5_About.py:65:28: W291 trailing whitespace
pages/5_About.py:66:78: W291 trailing whitespace
pages/5_About.py:67:22: W291 trailing whitespace
pages/5_About.py:71:80: E501 line too long (88 > 79 characters)
pages/5_About.py:84:46: W291 trailing whitespace
pages/5_About.py:85:61: W291 trailing whitespace
pages/5_About.py:88:49: W291 trailing whitespace
pages/5_About.py:91:36: W291 trailing whitespace
pages/5_About.py:92:80: E501 line too long (99 > 79 characters)
pages/5_About.py:94:52: W291 trailing whitespace
pages/5_About.py:95:80: E501 line too long (88 > 79 characters)
pages/5_About.py:115:35: W291 trailing whitespace
pages/5_About.py:116:49: W291 trailing whitespace
pages/5_About.py:117:39: W291 trailing whitespace
pages/5_About.py:118:80: E501 line too long (80 > 79 characters)
pages/5_About.py:118:81: W291 trailing whitespace
pages/5_About.py:119:80: E501 line too long (80 > 79 characters)
pages/5_About.py:119:81: W291 trailing whitespace
pages/5_About.py:120:23: W291 trailing whitespace
pages/5_About.py:121:58: W291 trailing whitespace
services/api_client.py:4:1: E302 expected 2 blank lines, found 1
services/api_client.py:5:80: E501 line too long (94 > 79 characters)
services/api_client.py:8:1: E302 expected 2 blank lines, found 1
services/api_client.py:9:80: E501 line too long (95 > 79 characters)
services/api_client.py:12:1: E302 expected 2 blank lines, found 1
services/api_client.py:13:80: E501 line too long (96 > 79 characters)
services/dashboard_service.py:5:1: E302 expected 2 blank lines, found 1
services/dashboard_service.py:8:80: E501 line too long (124 > 79 characters)
services/dashboard_service.py:10:80: E501 line too long (81 > 79 characters)
services/dashboard_service.py:11:1: W293 blank line contains whitespace
services/dashboard_service.py:15:80: E501 line too long (80 > 79 characters)
services/dashboard_service.py:21:80: E501 line too long (87 > 79 characters)
services/dashboard_service.py:22:1: W293 blank line contains whitespace
services/dashboard_service.py:23:1: W293 blank line contains whitespace
services/dashboard_service.py:23:5: W292 no newline at end of file
services/model_service.py:9:1: E302 expected 2 blank lines, found 1
services/model_service.py:21:1: W293 blank line contains whitespace
services/model_service.py:35:1: W293 blank line contains whitespace
services/model_service.py:41:18: E222 multiple spaces after operator
services/model_service.py:42:1: W293 blank line contains whitespace
services/model_service.py:44:13: E303 too many blank lines (2)
services/model_service.py:54:80: E501 line too long (94 > 79 characters)
services/model_service.py:72:80: E501 line too long (83 > 79 characters)
services/model_service.py:77:68: W292 no newline at end of file
utils/helpers.py:3:1: E302 expected 2 blank lines, found 1
utils/helpers.py:5:72: W291 trailing whitespace
utils/helpers.py:22:1: W293 blank line contains whitespace
utils/helpers.py:23:80: E501 line too long (81 > 79 characters)
utils/helpers.py:30:15: W291 trailing whitespace
utils/helpers.py:31:13: W291 trailing whitespace
utils/helpers.py:33:37: W291 trailing whitespace
utils/helpers.py:34:22: W291 trailing whitespace
utils/helpers.py:36:35: W291 trailing whitespace
utils/helpers.py:37:26: W291 trailing whitespace
utils/helpers.py:41:25: W292 no newline at end of file
